2025-08-26 21:49:19.2980|DEBUG|Program|location of wsfscservice is: C:\Users\souva\.nuget\packages\websharper.fsharp\10.0.0.597-beta1\tools\net8.0\win-x64 (server side)
2025-08-26 21:49:19.2980|DEBUG|Program|pipename is: 43e24f6eb933d037a5430e22ea6a2869 (server side)
2025-08-26 21:49:19.2980|DEBUG|Program|Compiling D:\WebSharper\App projects\HTMLInputControls\HTMLInputControls\HTMLInputControls.fsproj
2025-08-26 21:49:19.9284|TRACE|Program|Server sends: n: F# compilation: 00:00:00.6310812
2025-08-26 21:49:20.4687|TRACE|Program|Server sends: n: Checking project: 00:00:00.5403657
2025-08-26 21:49:20.4687|TRACE|Program|Server sends: n: Waiting on merged metadata: 00:00:00.0006231
2025-08-26 21:49:20.4864|TRACE|Program|Server sends: n: Parsing with FCS: 00:00:00.0169995
2025-08-26 21:49:20.4864|TRACE|Program|Server sends: n: Analyzing function arguments: 00:00:00.0008186
2025-08-26 21:49:20.4864|TRACE|Program|Server sends: n: Resolving names: 00:00:00.0003533
2025-08-26 21:49:20.4989|TRACE|Program|Server sends: n: WebSharper translation: 00:00:00.0113212
2025-08-26 21:49:20.4989|TRACE|Program|Server sends: n: Source position transformations: 00:00:00.0028902
2025-08-26 21:49:20.4989|TRACE|Program|Server sends: n: Packaging assembly: 00:00:00.0007403
2025-08-26 21:49:20.5381|TRACE|Program|Server sends: n: Computing metadata: 00:00:00.0355805
2025-08-26 21:49:20.5381|TRACE|Program|Server sends: n: Writing reexports root.js: 00:00:00.0007782
2025-08-26 21:49:20.5381|TRACE|Program|Server sends: n: Writing HTMLInputControls.Client.js: 00:00:00.0008754
2025-08-26 21:49:20.5381|TRACE|Program|Server sends: n: Writing $StartupCode_Client.js: 00:00:00.0003291
2025-08-26 21:49:20.5381|TRACE|Program|Server sends: n: Writing $Generated.js: 00:00:00.0003005
2025-08-26 21:49:20.5381|TRACE|Program|Server sends: n: Writing $EntryPoint.js: 00:00:00.0007473
2025-08-26 21:49:20.5381|TRACE|Program|Server sends: n: Writing .d.ts files: 00:00:00.0005927
2025-08-26 21:49:20.5381|TRACE|Program|Server sends: n: Hashing resources: 00:00:00.0003075
2025-08-26 21:49:20.5821|TRACE|Program|Server sends: n: Serializing metadata: 00:00:00.0401171
2025-08-26 21:49:20.5848|TRACE|Program|Server sends: n: Writing resources into assembly: 00:00:00.0026762
2025-08-26 21:49:20.6655|TRACE|Program|Server sends: n: Bundling: 00:00:00.0807224
2025-08-26 21:49:20.6655|TRACE|Program|Server sends: x: 0
